<?xml version="1.0" encoding="UTF-8"?>
<testng-results ignored="0" total="2" passed="2" failed="0" skipped="0">
  <reporter-output>
  </reporter-output>
  <suite started-at="2023-07-16T21:11:15 IST" name="Suite" finished-at="2023-07-16T21:11:54 IST" duration-ms="38936">
    <groups>
    </groups>
    <test started-at="2023-07-16T21:11:15 IST" name="Test" finished-at="2023-07-16T21:11:54 IST" duration-ms="38936">
      <class name="OrangeHRMSDemoTests.LoginTC01">
        <test-method signature="loginTC01()[pri:0, instance:OrangeHRMSDemoTests.LoginTC01@3059cbc]" started-at="2023-07-16T21:11:15 IST" name="loginTC01" finished-at="2023-07-16T21:11:25 IST" duration-ms="9466" status="PASS">
          <reporter-output>
          </reporter-output>
        </test-method> <!-- loginTC01 -->
      </class> <!-- OrangeHRMSDemoTests.LoginTC01 -->
      <class name="OrangeHRMSDemoTests.HomePageNavigationsTc02">
        <test-method signature="homePageNavigationsTc02()[pri:0, instance:OrangeHRMSDemoTests.HomePageNavigationsTc02@7ea9e1e2]" started-at="2023-07-16T21:11:25 IST" name="homePageNavigationsTc02" finished-at="2023-07-16T21:11:54 IST" duration-ms="29427" status="PASS">
          <reporter-output>
          </reporter-output>
        </test-method> <!-- homePageNavigationsTc02 -->
      </class> <!-- OrangeHRMSDemoTests.HomePageNavigationsTc02 -->
    </test> <!-- Test -->
  </suite> <!-- Suite -->
</testng-results>
