<?xml version="1.0" encoding="UTF-8"?>
<testng-results ignored="0" total="1" passed="1" failed="0" skipped="0">
  <reporter-output>
  </reporter-output>
  <suite started-at="2023-07-20T13:24:48 IST" name="Default suite" finished-at="2023-07-20T13:28:14 IST" duration-ms="206604">
    <groups>
    </groups>
    <test started-at="2023-07-20T13:24:48 IST" name="Default test" finished-at="2023-07-20T13:28:14 IST" duration-ms="206604">
      <class name="OrangeHRMSDemoTests.CreateMultipleUsersTc06">
        <test-method signature="createMultipleUsersTc06()[pri:0, instance:OrangeHRMSDemoTests.CreateMultipleUsersTc06@741a8937]" started-at="2023-07-20T13:24:48 IST" name="createMultipleUsersTc06" finished-at="2023-07-20T13:28:14 IST" duration-ms="206574" status="PASS">
          <reporter-output>
          </reporter-output>
        </test-method> <!-- createMultipleUsersTc06 -->
      </class> <!-- OrangeHRMSDemoTests.CreateMultipleUsersTc06 -->
    </test> <!-- Default test -->
  </suite> <!-- Default suite -->
</testng-results>
